[09:11:11] [main/INFO] (FabricLoader/GameProvider) Loading Minecraft 1.20.4 with Fabric Loader 0.15.1
[09:11:11] [main/INFO] (FabricLoader) Loading 59 mods:
	- autofish 0.3
	- cloth-basic-math 0.6.1
	- cloth-config 13.0.112
	- fabric-api 0.91.2+1.20.4
	- fabric-api-base 0.4.35+78d798af4f
	- fabric-api-lookup-api-v1 1.6.45+78d798af4f
	- fabric-biome-api-v1 13.0.15+78d798af4f
	- fabric-block-api-v1 1.0.14+78d798af4f
	- fabric-block-view-api-v2 1.0.3+78d798af4f
	- fabric-blockrenderlayer-v1 1.1.45+78d798af4f
	- fabric-client-tags-api-v1 1.1.6+78d798af4f
	- fabric-command-api-v1 1.2.40+f71b366f4f
	- fabric-command-api-v2 2.2.19+78d798af4f
	- fabric-commands-v0 0.2.57+df3654b34f
	- fabric-containers-v0 0.1.81+df3654b34f
	- fabric-content-registries-v0 5.0.9+78d798af4f
	- fabric-convention-tags-v1 1.5.9+78d798af4f
	- fabric-crash-report-info-v1 0.2.22+78d798af4f
	- fabric-data-generation-api-v1 13.1.17+78d798af4f
	- fabric-dimensions-v1 2.1.60+78d798af4f
	- fabric-entity-events-v1 1.5.27+78d798af4f
	- fabric-events-interaction-v0 0.6.14+78d798af4f
	- fabric-events-lifecycle-v0 0.2.71+df3654b34f
	- fabric-game-rule-api-v1 1.0.45+78d798af4f
	- fabric-gametest-api-v1 1.2.19+78d798af4f
	- fabric-item-api-v1 2.1.34+78d798af4f
	- fabric-item-group-api-v1 4.0.20+78d798af4f
	- fabric-key-binding-api-v1 1.0.40+78d798af4f
	- fabric-keybindings-v0 0.2.38+df3654b34f
	- fabric-lifecycle-events-v1 2.2.29+78d798af4f
	- fabric-loot-api-v2 2.1.4+78d798af4f
	- fabric-message-api-v1 6.0.4+78d798af4f
	- fabric-mining-level-api-v1 2.1.59+78d798af4f
	- fabric-model-loading-api-v1 1.0.7+78d798af4f
	- fabric-models-v0 0.4.6+9386d8a74f
	- fabric-networking-api-v1 3.1.2+78d798af4f
	- fabric-object-builder-api-v1 13.0.7+78d798af4f
	- fabric-particles-v1 1.1.6+78d798af4f
	- fabric-recipe-api-v1 2.0.15+78d798af4f
	- fabric-registry-sync-v0 4.0.13+78d798af4f
	- fabric-renderer-api-v1 3.2.3+78d798af4f
	- fabric-renderer-indigo 1.5.3+78d798af4f
	- fabric-renderer-registries-v1 3.2.50+df3654b34f
	- fabric-rendering-data-attachment-v1 0.3.41+73761d2e4f
	- fabric-rendering-fluids-v1 3.0.32+78d798af4f
	- fabric-rendering-v0 1.1.53+df3654b34f
	- fabric-rendering-v1 3.0.12+78d798af4f
	- fabric-resource-conditions-api-v1 2.3.13+78d798af4f
	- fabric-resource-loader-v0 0.11.15+78d798af4f
	- fabric-screen-api-v1 2.0.16+78d798af4f
	- fabric-screen-handler-api-v1 1.3.50+78d798af4f
	- fabric-sound-api-v1 1.0.16+78d798af4f
	- fabric-transfer-api-v1 4.0.6+78d798af4f
	- fabric-transitive-access-wideners-v1 5.0.13+78d798af4f
	- fabricloader 0.15.1
	- java 17
	- minecraft 1.20.4
	- mixinextras 0.3.1
	- modmenu 9.0.0-pre.1
[09:11:11] [main/INFO] (FabricLoader/Mixin) SpongePowered MIXIN Subsystem Version=0.8.5 Source=file:/C:/Users/Kyo/.gradle/caches/modules-2/files-2.1/net.fabricmc/sponge-mixin/0.12.5+mixin.0.8.5/8d31fb97c3e0cd7c8dad3441851c523bcfae6d8e/sponge-mixin-0.12.5+mixin.0.8.5.jar Service=Knot/Fabric Env=CLIENT
[09:11:12] [main/INFO] (FabricLoader/Mixin) Loaded Fabric development mappings for mixin remapper!
[09:11:12] [main/INFO] (FabricLoader/Mixin) Compatibility level set to JAVA_17
[09:11:14] [main/INFO] (FabricLoader/MixinExtras|Service) Initializing MixinExtras via com.llamalad7.mixinextras.service.MixinExtrasServiceImpl(version=0.3.1).
[09:11:22] [Datafixer Bootstrap/INFO] (Minecraft) 198 Datafixer optimizations took 223 milliseconds
[09:11:25] [Render thread/INFO] (Minecraft) Environment: Environment[sessionHost=https://sessionserver.mojang.com, servicesHost=https://api.minecraftservices.com, name=PROD]
[09:11:25] [Render thread/INFO] (Minecraft) Setting user: Player19
[09:11:26] [Render thread/INFO] (fabric-networking-api-v1) Force Packet Serialization is enabled to mimic remote connection on single player, this is the default behaviour on dev env. Add -Dfabric-api.networking.force-packet-serialization=false JVM arg to disable it.
[09:11:26] [Worker-Main-1/INFO] (Mod Menu/Update Checker) Checking mod updates...
[09:11:26] [Download-2/ERROR] (Minecraft) Failed to fetch user properties
com.mojang.authlib.exceptions.InvalidCredentialsException: Status: 401
	at com.mojang.authlib.exceptions.MinecraftClientHttpException.toAuthenticationException(MinecraftClientHttpException.java:59) ~[authlib-6.0.52.jar:?]
	at com.mojang.authlib.yggdrasil.YggdrasilUserApiService.fetchProperties(YggdrasilUserApiService.java:150) ~[authlib-6.0.52.jar:?]
	at net.minecraft.client.MinecraftClient.method_55608(MinecraftClient.java:467) ~[minecraft-merged-d149ca5cb8-1.20.4-net.fabricmc.yarn.1_20_4.1.20.4+build.2-v2.jar:?]
	at java.util.concurrent.CompletableFuture$AsyncSupply.run(CompletableFuture.java:1768) ~[?:?]
	at java.util.concurrent.ThreadPoolExecutor.runWorker(ThreadPoolExecutor.java:1136) ~[?:?]
	at java.util.concurrent.ThreadPoolExecutor$Worker.run(ThreadPoolExecutor.java:635) ~[?:?]
	at java.lang.Thread.run(Thread.java:840) ~[?:?]
Caused by: com.mojang.authlib.exceptions.MinecraftClientHttpException: Status: 401
	at com.mojang.authlib.minecraft.client.MinecraftClient.readInputStream(MinecraftClient.java:100) ~[authlib-6.0.52.jar:?]
	at com.mojang.authlib.minecraft.client.MinecraftClient.get(MinecraftClient.java:57) ~[authlib-6.0.52.jar:?]
	at com.mojang.authlib.yggdrasil.YggdrasilUserApiService.fetchProperties(YggdrasilUserApiService.java:121) ~[authlib-6.0.52.jar:?]
	... 5 more
[09:11:26] [Render thread/INFO] (Indigo) [Indigo] Registering Indigo renderer!
[09:11:27] [Render thread/INFO] (Minecraft) Backend library: LWJGL version 3.3.2-snapshot
[09:11:29] [Render thread/INFO] (Minecraft) Reloading ResourceManager: vanilla, fabric (fabric-item-api-v1, fabric-models-v0, fabric-gametest-api-v1, fabric-blockrenderlayer-v1, fabric-screen-handler-api-v1, fabric-crash-report-info-v1, fabric-rendering-v1, fabric-rendering-data-attachment-v1, fabric-game-rule-api-v1, fabric-resource-conditions-api-v1, fabric-model-loading-api-v1, fabric-registry-sync-v0, fabric-entity-events-v1, modmenu, fabric-message-api-v1, fabric-api-lookup-api-v1, fabric-particles-v1, fabric-object-builder-api-v1, autofish, fabric-rendering-v0, fabric-renderer-api-v1, fabric-transfer-api-v1, fabric-commands-v0, fabricloader, fabric-command-api-v1, fabric-item-group-api-v1, fabric-screen-api-v1, fabric-sound-api-v1, fabric-loot-api-v2, fabric-convention-tags-v1, fabric-networking-api-v1, fabric-events-lifecycle-v0, fabric-renderer-indigo, fabric-lifecycle-events-v1, fabric-dimensions-v1, fabric-block-view-api-v2, fabric-transitive-access-wideners-v1, fabric-data-generation-api-v1, fabric-api, fabric-events-interaction-v0, fabric-renderer-registries-v1, fabric-key-binding-api-v1, cloth-config, fabric-resource-loader-v0, fabric-recipe-api-v1, fabric-keybindings-v0, fabric-mining-level-api-v1, fabric-block-api-v1, fabric-command-api-v2, fabric-biome-api-v1, fabric-rendering-fluids-v1, fabric-content-registries-v0, fabric-api-base, fabric-containers-v0, fabric-client-tags-api-v1)
[09:11:30] [Worker-Main-4/INFO] (Minecraft) Found unifont_all_no_pua-15.1.04.hex, loading
[09:11:32] [Render thread/WARN] (Minecraft) Missing sound for event: minecraft:item.goat_horn.play
[09:11:32] [Render thread/WARN] (Minecraft) Missing sound for event: minecraft:entity.goat.screaming.horn_break
[09:11:32] [Render thread/INFO] (Minecraft) OpenAL initialized on device OpenAL Soft on Speakers (Realtek(R) Audio)
[09:11:32] [Render thread/INFO] (Minecraft) Sound engine started
[09:11:32] [Render thread/INFO] (Minecraft) Created: 1024x512x4 minecraft:textures/atlas/blocks.png-atlas
[09:11:33] [Render thread/INFO] (Minecraft) Created: 256x256x4 minecraft:textures/atlas/signs.png-atlas
[09:11:33] [Render thread/INFO] (Minecraft) Created: 512x512x4 minecraft:textures/atlas/shield_patterns.png-atlas
[09:11:33] [Render thread/INFO] (Minecraft) Created: 512x512x4 minecraft:textures/atlas/banner_patterns.png-atlas
[09:11:33] [Render thread/INFO] (Minecraft) Created: 1024x1024x4 minecraft:textures/atlas/armor_trims.png-atlas
[09:11:33] [Render thread/INFO] (Minecraft) Created: 128x64x4 minecraft:textures/atlas/decorated_pot.png-atlas
[09:11:33] [Render thread/INFO] (Minecraft) Created: 256x256x4 minecraft:textures/atlas/chest.png-atlas
[09:11:33] [Render thread/INFO] (Minecraft) Created: 512x256x4 minecraft:textures/atlas/shulker_boxes.png-atlas
[09:11:33] [Render thread/INFO] (Minecraft) Created: 512x256x4 minecraft:textures/atlas/beds.png-atlas
[09:11:34] [Render thread/WARN] (Minecraft) Shader rendertype_entity_translucent_emissive could not find sampler named Sampler2 in the specified shader program.
[09:11:35] [Render thread/INFO] (Minecraft) Created: 512x256x0 minecraft:textures/atlas/particles.png-atlas
[09:11:35] [Render thread/INFO] (Minecraft) Created: 256x256x0 minecraft:textures/atlas/paintings.png-atlas
[09:11:35] [Render thread/INFO] (Minecraft) Created: 128x128x0 minecraft:textures/atlas/mob_effects.png-atlas
[09:11:35] [Render thread/INFO] (Minecraft) Created: 1024x512x0 minecraft:textures/atlas/gui.png-atlas
[09:11:35] [IO-Worker-1/INFO] (Minecraft) Could not authorize you against Realms server: Invalid session id
[09:11:35] [IO-Worker-1/ERROR] (Minecraft) Couldn't connect to realms
net.minecraft.client.realms.exception.RealmsServiceException: Realms authentication error with message 'Invalid session id'
	at net.minecraft.client.realms.RealmsClient.execute(RealmsClient.java:447) ~[minecraft-merged-d149ca5cb8-1.20.4-net.fabricmc.yarn.1_20_4.1.20.4+build.2-v2.jar:?]
	at net.minecraft.client.realms.RealmsClient.clientCompatible(RealmsClient.java:232) ~[minecraft-merged-d149ca5cb8-1.20.4-net.fabricmc.yarn.1_20_4.1.20.4+build.2-v2.jar:?]
	at net.minecraft.client.realms.RealmsAvailability.method_52627(RealmsAvailability.java:45) ~[minecraft-merged-d149ca5cb8-1.20.4-net.fabricmc.yarn.1_20_4.1.20.4+build.2-v2.jar:?]
	at java.util.concurrent.CompletableFuture$AsyncSupply.run(CompletableFuture.java:1768) ~[?:?]
	at java.util.concurrent.ThreadPoolExecutor.runWorker(ThreadPoolExecutor.java:1136) ~[?:?]
	at java.util.concurrent.ThreadPoolExecutor$Worker.run(ThreadPoolExecutor.java:635) ~[?:?]
	at java.lang.Thread.run(Thread.java:840) ~[?:?]
[09:12:31] [Render thread/INFO] (Minecraft) Reloading ResourceManager: vanilla, fabric (fabric-item-api-v1, fabric-models-v0, fabric-gametest-api-v1, fabric-blockrenderlayer-v1, fabric-screen-handler-api-v1, fabric-crash-report-info-v1, fabric-rendering-v1, fabric-rendering-data-attachment-v1, fabric-game-rule-api-v1, fabric-resource-conditions-api-v1, fabric-model-loading-api-v1, fabric-registry-sync-v0, fabric-entity-events-v1, modmenu, fabric-message-api-v1, fabric-api-lookup-api-v1, fabric-particles-v1, fabric-object-builder-api-v1, autofish, fabric-rendering-v0, fabric-renderer-api-v1, fabric-transfer-api-v1, fabric-commands-v0, fabricloader, fabric-command-api-v1, fabric-item-group-api-v1, fabric-screen-api-v1, fabric-sound-api-v1, fabric-loot-api-v2, fabric-convention-tags-v1, fabric-networking-api-v1, fabric-events-lifecycle-v0, fabric-renderer-indigo, fabric-lifecycle-events-v1, fabric-dimensions-v1, fabric-block-view-api-v2, fabric-transitive-access-wideners-v1, fabric-data-generation-api-v1, fabric-api, fabric-events-interaction-v0, fabric-renderer-registries-v1, fabric-key-binding-api-v1, cloth-config, fabric-resource-loader-v0, fabric-recipe-api-v1, fabric-keybindings-v0, fabric-mining-level-api-v1, fabric-block-api-v1, fabric-command-api-v2, fabric-biome-api-v1, fabric-rendering-fluids-v1, fabric-content-registries-v0, fabric-api-base, fabric-containers-v0, fabric-client-tags-api-v1)
[09:12:31] [Worker-Main-1/INFO] (Minecraft) Found unifont_all_no_pua-15.1.04.hex, loading
[09:12:32] [Render thread/WARN] (Minecraft) Missing sound for event: minecraft:item.goat_horn.play
[09:12:32] [Render thread/WARN] (Minecraft) Missing sound for event: minecraft:entity.goat.screaming.horn_break
[09:12:33] [Render thread/INFO] (Minecraft) OpenAL initialized on device OpenAL Soft on Speakers (Realtek(R) Audio)
[09:12:33] [Render thread/INFO] (Minecraft) Sound engine started
[09:12:33] [Render thread/INFO] (Minecraft) Created: 1024x512x4 minecraft:textures/atlas/blocks.png-atlas
[09:12:33] [Render thread/INFO] (Minecraft) Created: 256x256x4 minecraft:textures/atlas/signs.png-atlas
[09:12:33] [Render thread/INFO] (Minecraft) Created: 512x512x4 minecraft:textures/atlas/shield_patterns.png-atlas
[09:12:33] [Render thread/INFO] (Minecraft) Created: 512x512x4 minecraft:textures/atlas/banner_patterns.png-atlas
[09:12:33] [Render thread/INFO] (Minecraft) Created: 1024x1024x4 minecraft:textures/atlas/armor_trims.png-atlas
[09:12:33] [Render thread/INFO] (Minecraft) Created: 128x64x4 minecraft:textures/atlas/decorated_pot.png-atlas
[09:12:33] [Render thread/INFO] (Minecraft) Created: 256x256x4 minecraft:textures/atlas/chest.png-atlas
[09:12:33] [Render thread/INFO] (Minecraft) Created: 512x256x4 minecraft:textures/atlas/shulker_boxes.png-atlas
[09:12:33] [Render thread/INFO] (Minecraft) Created: 512x256x4 minecraft:textures/atlas/beds.png-atlas
[09:12:33] [Render thread/WARN] (Minecraft) Shader rendertype_entity_translucent_emissive could not find sampler named Sampler2 in the specified shader program.
[09:12:34] [Render thread/INFO] (Minecraft) Created: 512x256x0 minecraft:textures/atlas/particles.png-atlas
[09:12:34] [Render thread/INFO] (Minecraft) Created: 256x256x0 minecraft:textures/atlas/paintings.png-atlas
[09:12:34] [Render thread/INFO] (Minecraft) Created: 128x128x0 minecraft:textures/atlas/mob_effects.png-atlas
[09:12:34] [Render thread/INFO] (Minecraft) Created: 1024x512x0 minecraft:textures/atlas/gui.png-atlas
[09:12:47] [Render thread/ERROR] (Minecraft) Couldn't open uri ''
java.lang.IllegalArgumentException: URI is not absolute
	at java.net.URL.fromURI(URL.java:721) ~[?:?]
	at java.net.URI.toURL(URI.java:1139) ~[?:?]
	at net.minecraft.util.Util$OperatingSystem.open(Util.java:370) ~[minecraft-merged-d149ca5cb8-1.20.4-net.fabricmc.yarn.1_20_4.1.20.4+build.2-v2.jar:?]
	at com.terraformersmc.modmenu.gui.ModsScreen.lambda$init$5(ModsScreen.java:213) ~[modmenu-9.0.0-pre.1.jar:?]
	at net.minecraft.client.gui.screen.ConfirmLinkScreen.method_19797(ConfirmLinkScreen.java:46) ~[minecraft-merged-d149ca5cb8-1.20.4-net.fabricmc.yarn.1_20_4.1.20.4+build.2-v2.jar:?]
	at net.minecraft.client.gui.widget.ButtonWidget.onPress(ButtonWidget.java:95) ~[minecraft-merged-d149ca5cb8-1.20.4-net.fabricmc.yarn.1_20_4.1.20.4+build.2-v2.jar:?]
	at net.minecraft.client.gui.widget.PressableWidget.onClick(PressableWidget.java:48) ~[minecraft-merged-d149ca5cb8-1.20.4-net.fabricmc.yarn.1_20_4.1.20.4+build.2-v2.jar:?]
	at net.minecraft.client.gui.widget.ClickableWidget.mouseClicked(ClickableWidget.java:145) ~[minecraft-merged-d149ca5cb8-1.20.4-net.fabricmc.yarn.1_20_4.1.20.4+build.2-v2.jar:?]
	at net.minecraft.client.gui.ParentElement.mouseClicked(ParentElement.java:38) ~[minecraft-merged-d149ca5cb8-1.20.4-net.fabricmc.yarn.1_20_4.1.20.4+build.2-v2.jar:?]
	at net.minecraft.client.Mouse.method_1611(Mouse.java:99) ~[minecraft-merged-d149ca5cb8-1.20.4-net.fabricmc.yarn.1_20_4.1.20.4+build.2-v2.jar:?]
	at net.minecraft.client.gui.screen.Screen.wrapScreenError(Screen.java:414) ~[minecraft-merged-d149ca5cb8-1.20.4-net.fabricmc.yarn.1_20_4.1.20.4+build.2-v2.jar:?]
	at net.minecraft.client.Mouse.onMouseButton(Mouse.java:99) ~[minecraft-merged-d149ca5cb8-1.20.4-net.fabricmc.yarn.1_20_4.1.20.4+build.2-v2.jar:?]
	at net.minecraft.client.Mouse.method_22686(Mouse.java:180) ~[minecraft-merged-d149ca5cb8-1.20.4-net.fabricmc.yarn.1_20_4.1.20.4+build.2-v2.jar:?]
	at net.minecraft.util.thread.ThreadExecutor.execute(ThreadExecutor.java:102) ~[minecraft-merged-d149ca5cb8-1.20.4-net.fabricmc.yarn.1_20_4.1.20.4+build.2-v2.jar:?]
	at net.minecraft.client.Mouse.method_22684(Mouse.java:180) ~[minecraft-merged-d149ca5cb8-1.20.4-net.fabricmc.yarn.1_20_4.1.20.4+build.2-v2.jar:?]
	at org.lwjgl.glfw.GLFWMouseButtonCallbackI.callback(GLFWMouseButtonCallbackI.java:43) ~[lwjgl-glfw-3.3.2.jar:build 13]
	at org.lwjgl.system.JNI.invokeV(Native Method) ~[lwjgl-3.3.2.jar:build 13]
	at org.lwjgl.glfw.GLFW.glfwPollEvents(GLFW.java:3438) ~[lwjgl-glfw-3.3.2.jar:build 13]
	at com.mojang.blaze3d.systems.RenderSystem.pollEvents(RenderSystem.java:202) ~[minecraft-merged-d149ca5cb8-1.20.4-net.fabricmc.yarn.1_20_4.1.20.4+build.2-v2.jar:?]
	at com.mojang.blaze3d.systems.RenderSystem.flipFrame(RenderSystem.java:213) ~[minecraft-merged-d149ca5cb8-1.20.4-net.fabricmc.yarn.1_20_4.1.20.4+build.2-v2.jar:?]
	at net.minecraft.client.util.Window.swapBuffers(Window.java:287) ~[minecraft-merged-d149ca5cb8-1.20.4-net.fabricmc.yarn.1_20_4.1.20.4+build.2-v2.jar:?]
	at net.minecraft.client.MinecraftClient.render(MinecraftClient.java:1349) ~[minecraft-merged-d149ca5cb8-1.20.4-net.fabricmc.yarn.1_20_4.1.20.4+build.2-v2.jar:?]
	at net.minecraft.client.MinecraftClient.run(MinecraftClient.java:888) ~[minecraft-merged-d149ca5cb8-1.20.4-net.fabricmc.yarn.1_20_4.1.20.4+build.2-v2.jar:?]
	at net.minecraft.client.main.Main.main(Main.java:265) ~[minecraft-merged-d149ca5cb8-1.20.4-net.fabricmc.yarn.1_20_4.1.20.4+build.2-v2.jar:?]
	at net.fabricmc.loader.impl.game.minecraft.MinecraftGameProvider.launch(MinecraftGameProvider.java:470) ~[fabric-loader-0.15.1.jar:?]
	at net.fabricmc.loader.impl.launch.knot.Knot.launch(Knot.java:74) ~[fabric-loader-0.15.1.jar:?]
	at net.fabricmc.loader.impl.launch.knot.KnotClient.main(KnotClient.java:23) ~[fabric-loader-0.15.1.jar:?]
	at net.fabricmc.devlaunchinjector.Main.main(Main.java:86) ~[dev-launch-injector-0.2.1+build.8.jar:?]
[09:14:12] [Render thread/INFO] (Minecraft) Stopping!
